#
# An unexpected error has been detected by Java Runtime Environment:
#
#  EXCEPTION_ACCESS_VIOLATION (0xc0000005) at pc=0x0000000003783450, pid=1968, tid=13760
#
# Java VM: Java HotSpot(TM) 64-Bit Server VM (10.0-b19 mixed mode windows-amd64)
# Problematic frame:
# C  [mcr.dll+0x3450]
#
# If you would like to submit a bug report, please visit:
#   http://java.sun.com/webapps/bugreport/crash.jsp
# The crash happened outside the Java Virtual Machine in native code.
# See problematic frame for where to report the bug.
#

---------------  T H R E A D  ---------------

Current thread (0x0000000007dec800):  JavaThread "main" [_thread_in_native, id=13760, stack(0x0000000000400000,0x0000000001400000)]

siginfo: ExceptionCode=0xc0000005, reading address 0x0000000000000058

Registers:
EAX=0x00000000144a9dd0, EBX=0x0000000009669e50, ECX=0x00000000144a9dd0, EDX=0x0000000000000058
ESP=0x00000000013fe1c0, EBP=0x0000000000000200, ESI=0x00000000144a9dd0, EDI=0x0000000000000001
EIP=0x0000000003783450, EFLAGS=0x0000000000010206

Top of Stack: (sp=0x00000000013fe1c0)
0x00000000013fe1c0:   000000000a84b800 00007ffb6f2c76dc
0x00000000013fe1d0:   00000000013fe2a0 00007ffb72d5b8d7
0x00000000013fe1e0:   fffffffffffffffe 00000000000002bc
0x00000000013fe1f0:   0000000000000001 00000000037c1f41
0x00000000013fe200:   00000000144a9dd0 0000000009669e50
0x00000000013fe210:   0000000009669e68 00007ffb72d5b7dc
0x00000000013fe220:   fffffffffffffffe 00000000000035c0
0x00000000013fe230:   00000000013fe600 00000000013fe6e0
0x00000000013fe240:   0000003e00320100 0000003e0000001f
0x00000000013fe250:   0000001f00000080 005c003400000018
0x00000000013fe260:   002e00720100003e 00000000013fe460
0x00000000013fe270:   0000000000000000 0000000000000000
0x00000000013fe280:   0000000000000001 000000000a84b800
0x00000000013fe290:   0000000000000200 0000000003782369
0x00000000013fe2a0:   0000000009669e50 00000000013fe338
0x00000000013fe2b0:   00000000144a9dd0 0000000000000080 

Instructions: (pc=0x0000000003783450)
0x0000000003783440:   ff ff ff 48 89 5c 24 48 48 89 74 24 50 48 8b f1
0x0000000003783450:   48 8b 02 48 89 01 48 8b 42 08 48 89 41 08 48 8b 


Stack: [0x0000000000400000,0x0000000001400000],  sp=0x00000000013fe1c0,  free space=16376k
Native frames: (J=compiled Java code, j=interpreted, Vv=VM code, C=native code)
C  [mcr.dll+0x3450]

[error occurred during error reporting (printing native stack), id 0xc0000005]

Java frames: (J=compiled Java code, j=interpreted, Vv=VM code)
v  ~BufferBlob::Interpreter
v  ~BufferBlob::Interpreter
v  ~BufferBlob::Interpreter
v  ~BufferBlob::Interpreter
v  ~BufferBlob::Interpreter
v  ~BufferBlob::Interpreter
v  ~BufferBlob::StubRoutines (1)

---------------  P R O C E S S  ---------------

Java Threads: ( => current thread )
  0x000000003262c400 JavaThread "Prefs Updater" [_thread_blocked, id=8724, stack(0x0000000033860000,0x00000000338e0000)]
  0x000000003262dc00 JavaThread "Timer-9" daemon [_thread_blocked, id=676, stack(0x00000000337e0000,0x0000000033860000)]
  0x0000000032d12800 JavaThread "Timer-1" [_thread_blocked, id=8276, stack(0x0000000031a40000,0x0000000031ac0000)]
  0x000000001156e800 JavaThread "TimerQueue" daemon [_thread_blocked, id=5372, stack(0x00000000317a0000,0x0000000031820000)]
  0x00000000114ec800 JavaThread "AWT-EventQueue-0" [_thread_blocked, id=13932, stack(0x0000000031720000,0x00000000317a0000)]
  0x00000000113e4000 JavaThread "AWT-Shutdown" [_thread_blocked, id=6708, stack(0x00000000316a0000,0x0000000031720000)]
  0x000000001145b800 JavaThread "AWT-Windows" daemon [_thread_in_native, id=7392, stack(0x00000000118d0000,0x0000000011950000)]
  0x00000000113e3800 JavaThread "Java2D Disposer" daemon [_thread_blocked, id=4308, stack(0x000000000ff70000,0x000000000fff0000)]
  0x000000000f8e6c00 JavaThread "Timer-0" [_thread_blocked, id=8908, stack(0x000000000fc90000,0x000000000fd10000)]
  0x000000000f717400 JavaThread "JMI Unnamed Thread" [_thread_in_native, id=7672, stack(0x000000000c030000,0x000000000d030000)]
  0x000000000f643400 JavaThread "Low Memory Detector" daemon [_thread_blocked, id=3676, stack(0x000000000f7e0000,0x000000000f860000)]
  0x000000000f63e400 JavaThread "CompilerThread1" daemon [_thread_blocked, id=4820, stack(0x000000002f6a0000,0x00000000306a0000)]
  0x000000000f63a400 JavaThread "CompilerThread0" daemon [_thread_blocked, id=11300, stack(0x00000000122a0000,0x00000000132a0000)]
  0x000000000f624400 JavaThread "Attach Listener" daemon [_thread_blocked, id=8148, stack(0x000000000ac60000,0x000000000ace0000)]
  0x000000000f602400 JavaThread "Finalizer" daemon [_thread_blocked, id=9644, stack(0x000000000abe0000,0x000000000ac60000)]
  0x000000000a9ae400 JavaThread "Reference Handler" daemon [_thread_blocked, id=7052, stack(0x000000000ab60000,0x000000000abe0000)]
=>0x0000000007dec800 JavaThread "main" [_thread_in_native, id=13760, stack(0x0000000000400000,0x0000000001400000)]

Other Threads:
  0x000000000f601c00 VMThread [stack: 0x000000002e6a0000,0x000000002f6a0000] [id=7796]
  0x000000000f66ec00 WatcherThread [stack: 0x00000000306a0000,0x00000000316a0000] [id=11444]

VM state:not at safepoint (normal execution)

VM Mutex/Monitor currently owned by a thread: None

Heap
 PSYoungGen      total 38080K, used 26904K [0x00000000295a0000, 0x000000002c6a0000, 0x000000002c6a0000)
  eden space 25408K, 88% used [0x00000000295a0000,0x000000002aba3568,0x000000002ae70000)
  from space 12672K, 34% used [0x000000002ba40000,0x000000002be82c30,0x000000002c6a0000)
  to   space 12096K, 0% used [0x000000002ae70000,0x000000002ae70000,0x000000002ba40000)
 PSOldGen        total 49152K, used 20894K [0x00000000202a0000, 0x00000000232a0000, 0x00000000295a0000)
  object space 49152K, 42% used [0x00000000202a0000,0x00000000217079f8,0x00000000232a0000)
 PSPermGen       total 33920K, used 33777K [0x00000000182a0000, 0x000000001a3c0000, 0x00000000202a0000)
  object space 33920K, 99% used [0x00000000182a0000,0x000000001a39c7d0,0x000000001a3c0000)

Dynamic libraries:
0x0000000140000000 - 0x0000000140032000 	D:\MATLAB2009\bin\win64\matlab.exe
0x00007ffb72d30000 - 0x00007ffb72f01000 	C:\WINDOWS\SYSTEM32\ntdll.dll
0x00007ffb70b20000 - 0x00007ffb70bcb000 	C:\WINDOWS\System32\KERNEL32.DLL
0x00007ffb6f2b0000 - 0x00007ffb6f4cd000 	C:\WINDOWS\System32\KERNELBASE.dll
0x0000000180000000 - 0x0000000180406000 	D:\MATLAB2009\bin\win64\libut.dll
0x00000000034d0000 - 0x000000000353e000 	D:\MATLAB2009\bin\win64\libmwfl.dll
0x0000000003540000 - 0x0000000003777000 	D:\MATLAB2009\bin\win64\libmwservices.dll
0x00007ffb72d10000 - 0x00007ffb72d2c000 	C:\WINDOWS\System32\imagehlp.dll
0x00007ffb708c0000 - 0x00007ffb70962000 	C:\WINDOWS\System32\ADVAPI32.dll
0x00007ffb6fac0000 - 0x00007ffb6fbb5000 	C:\WINDOWS\System32\ucrtbase.dll
0x00007ffb72c60000 - 0x00007ffb72cfe000 	C:\WINDOWS\System32\msvcrt.dll
0x00007ffb70520000 - 0x00007ffb70579000 	C:\WINDOWS\System32\sechost.dll
0x00007ffb72a90000 - 0x00007ffb72bb1000 	C:\WINDOWS\System32\RPCRT4.dll
0x0000000003780000 - 0x0000000003802000 	D:\MATLAB2009\bin\win64\mcr.dll
0x00007ffb70d70000 - 0x00007ffb70e6a000 	C:\WINDOWS\System32\comdlg32.dll
0x00007ffb70e70000 - 0x00007ffb71137000 	C:\WINDOWS\System32\combase.dll
0x00007ffb6f6a0000 - 0x00007ffb6f70a000 	C:\WINDOWS\System32\bcryptPrimitives.dll
0x00007ffb6f7c0000 - 0x00007ffb6f869000 	C:\WINDOWS\System32\shcore.dll
0x00007ffb705b0000 - 0x00007ffb70715000 	C:\WINDOWS\System32\USER32.dll
0x00007ffb6fa00000 - 0x00007ffb6fa1e000 	C:\WINDOWS\System32\win32u.dll
0x00007ffb70300000 - 0x00007ffb70334000 	C:\WINDOWS\System32\GDI32.dll
0x00007ffb6f870000 - 0x00007ffb6f9f2000 	C:\WINDOWS\System32\gdi32full.dll
0x00007ffb702a0000 - 0x00007ffb702f2000 	C:\WINDOWS\System32\SHLWAPI.dll
0x00007ffb71580000 - 0x00007ffb72a88000 	C:\WINDOWS\System32\SHELL32.dll
0x00007ffb6f770000 - 0x00007ffb6f7b2000 	C:\WINDOWS\System32\cfgmgr32.dll
0x00007ffb6fbc0000 - 0x00007ffb7029a000 	C:\WINDOWS\System32\windows.storage.dll
0x00007ffb6f170000 - 0x00007ffb6f1bc000 	C:\WINDOWS\System32\powrprof.dll
0x00007ffb6f1d0000 - 0x00007ffb6f1df000 	C:\WINDOWS\System32\kernel.appcore.dll
0x00007ffb6f1e0000 - 0x00007ffb6f1f4000 	C:\WINDOWS\System32\profapi.dll
0x00007ffb70340000 - 0x00007ffb703aa000 	C:\WINDOWS\System32\WS2_32.dll
0x0000000072860000 - 0x0000000072969000 	C:\WINDOWS\WinSxS\amd64_microsoft.vc80.crt_1fc8b3b9a1e18e3b_8.0.50727.9268_none_88e0de612fadfb38\MSVCP80.dll
0x0000000072790000 - 0x0000000072859000 	C:\WINDOWS\WinSxS\amd64_microsoft.vc80.crt_1fc8b3b9a1e18e3b_8.0.50727.9268_none_88e0de612fadfb38\MSVCR80.dll
0x0000000003810000 - 0x0000000003881000 	D:\MATLAB2009\bin\win64\libmx.dll
0x00007ffb70720000 - 0x00007ffb70857000 	C:\WINDOWS\System32\ole32.dll
0x0000000003890000 - 0x00000000039b5000 	D:\MATLAB2009\bin\win64\libmwmathutil.dll
0x00000000049c0000 - 0x0000000004a15000 	D:\MATLAB2009\bin\win64\mpath.dll
0x00007ffb703b0000 - 0x00007ffb703b8000 	C:\WINDOWS\System32\PSAPI.DLL
0x0000000004a20000 - 0x0000000004a6f000 	D:\MATLAB2009\bin\win64\mlutil.dll
0x0000000010000000 - 0x0000000010049000 	D:\MATLAB2009\bin\win64\tbb.dll
0x00000000001e0000 - 0x00000000001ef000 	D:\MATLAB2009\bin\win64\boost_date_time-vc80-mt-1_36.dll
0x0000000004a70000 - 0x0000000004a86000 	D:\MATLAB2009\bin\win64\boost_signals-vc80-mt-1_36.dll
0x0000000004aa0000 - 0x0000000004aa9000 	D:\MATLAB2009\bin\win64\boost_system-vc80-mt-1_36.dll
0x0000000004ad0000 - 0x0000000004ae1000 	D:\MATLAB2009\bin\win64\boost_thread-vc80-mt-1_36.dll
0x00007ffb69040000 - 0x00007ffb690ec000 	C:\WINDOWS\WinSxS\amd64_microsoft.windows.common-controls_6595b64144ccf1df_5.82.14393.0_none_4151bdeb4bbdd21f\COMCTL32.dll
0x00007ffb60ec0000 - 0x00007ffb60ed8000 	C:\WINDOWS\SYSTEM32\NETAPI32.dll
0x0000000004af0000 - 0x0000000004b52000 	D:\MATLAB2009\bin\win64\iqm.dll
0x0000000004b70000 - 0x0000000004b94000 	D:\MATLAB2009\bin\win64\bridge.dll
0x0000000004bb0000 - 0x0000000004bbf000 	D:\MATLAB2009\bin\win64\libmex.dll
0x0000000004bd0000 - 0x0000000004c60000 	D:\MATLAB2009\bin\win64\m_dispatcher.dll
0x0000000004c70000 - 0x0000000004ef1000 	D:\MATLAB2009\bin\win64\mcos.dll
0x0000000004f10000 - 0x0000000005067000 	D:\MATLAB2009\bin\win64\libmwgui.dll
0x0000000005090000 - 0x0000000005375000 	D:\MATLAB2009\bin\win64\hg.dll
0x0000000005380000 - 0x0000000005c67000 	D:\MATLAB2009\bin\win64\m_interpreter.dll
0x0000000005c70000 - 0x0000000005cd0000 	D:\MATLAB2009\bin\win64\jmi.dll
0x0000000005ce0000 - 0x0000000005d8b000 	D:\MATLAB2009\bin\win64\udd_mi.dll
0x0000000005da0000 - 0x0000000005fe4000 	D:\MATLAB2009\bin\win64\uiw.dll
0x0000000006000000 - 0x0000000006018000 	D:\MATLAB2009\bin\win64\mwoles05.DLL
0x0000000006030000 - 0x000000000609a000 	D:\MATLAB2009\bin\win64\comcli.dll
0x00007ffb709f0000 - 0x00007ffb70aaf000 	C:\WINDOWS\System32\OLEAUT32.dll
0x00007ffb6fa20000 - 0x00007ffb6fabc000 	C:\WINDOWS\System32\msvcp_win.dll
0x00000000060c0000 - 0x00000000060ce000 	D:\MATLAB2009\bin\win64\mlautoregister.dll
0x00000000060d0000 - 0x00000000060e7000 	D:\MATLAB2009\bin\win64\zlib1.dll
0x000000004a800000 - 0x000000004a923000 	D:\MATLAB2009\bin\win64\icuuc38.dll
0x0000000006100000 - 0x0000000006128000 	D:\MATLAB2009\bin\win64\LIBEXPAT.dll
0x000000004ab00000 - 0x000000004ab0f000 	D:\MATLAB2009\bin\win64\icuio38.dll
0x0000000006180000 - 0x0000000006240000 	D:\MATLAB2009\bin\win64\udd.dll
0x0000000006250000 - 0x0000000006275000 	D:\MATLAB2009\bin\win64\datasvcs.dll
0x0000000012000000 - 0x0000000012295000 	D:\MATLAB2009\bin\win64\xerces-c_2_7.dll
0x00000000062a0000 - 0x0000000006391000 	D:\MATLAB2009\bin\win64\boost_regex-vc80-mt-1_36.dll
0x00000000063b0000 - 0x0000000006441000 	D:\MATLAB2009\bin\win64\profiler.dll
0x0000000006450000 - 0x000000000647a000 	D:\MATLAB2009\bin\win64\libmwmathrng.dll
0x00000000064f0000 - 0x000000000650a000 	D:\MATLAB2009\bin\win64\m_pcodeio.dll
0x00000000064a0000 - 0x00000000064ed000 	D:\MATLAB2009\bin\win64\m_ir.dll
0x0000000006530000 - 0x0000000006b36000 	D:\MATLAB2009\bin\win64\m_parser.dll
0x0000000006b40000 - 0x0000000006b60000 	D:\MATLAB2009\bin\win64\m_pcodegen.dll
0x00007ffb551f0000 - 0x00007ffb55382000 	C:\WINDOWS\SYSTEM32\dbghelp.dll
0x0000000006b80000 - 0x0000000006bb2000 	D:\MATLAB2009\bin\win64\libmat.dll
0x0000000006bd0000 - 0x0000000006c10000 	D:\MATLAB2009\bin\win64\libmwhardcopy.dll
0x0000000006c20000 - 0x0000000006c78000 	D:\MATLAB2009\bin\win64\libuij.dll
0x0000000006c80000 - 0x0000000006d72000 	D:\MATLAB2009\bin\win64\libmwmathlinalg.dll
0x0000000006d90000 - 0x0000000006e7d000 	D:\MATLAB2009\bin\win64\hgdatatypes.dll
0x0000000072240000 - 0x00000000723dc000 	C:\WINDOWS\WinSxS\amd64_microsoft.vc80.mfc_1fc8b3b9a1e18e3b_8.0.50727.6195_none_8448b2bd328df189\MFC80.DLL
0x0000000006ea0000 - 0x0000000006eaa000 	D:\MATLAB2009\bin\win64\uinone.dll
0x00007ffb691d0000 - 0x00007ffb69255000 	C:\WINDOWS\SYSTEM32\WINSPOOL.DRV
0x000000004ad00000 - 0x000000004ad03000 	D:\MATLAB2009\bin\win64\icudt38.dll
0x0000000006eb0000 - 0x0000000006fea000 	D:\MATLAB2009\bin\win64\icuin38.dll
0x0000000072220000 - 0x0000000072240000 	C:\WINDOWS\WinSxS\amd64_microsoft.vc80.atl_1fc8b3b9a1e18e3b_8.0.50727.6195_none_8a1dd9552ed7f8d8\ATL80.DLL
0x0000000007010000 - 0x0000000007024000 	D:\MATLAB2009\bin\win64\ir_xfmr.dll
0x0000000007030000 - 0x000000000703c000 	D:\MATLAB2009\bin\win64\mtok.dll
0x0000000007060000 - 0x000000000724e000 	D:\MATLAB2009\bin\win64\libhdf5.dll
0x0000000007250000 - 0x00000000075fc000 	D:\MATLAB2009\bin\win64\libmwmathelem.dll
0x0000000007610000 - 0x000000000767c000 	D:\MATLAB2009\bin\win64\libmwmathcore.dll
0x0000000007690000 - 0x00000000076a5000 	D:\MATLAB2009\bin\win64\libmwblas.dll
0x00000000076c0000 - 0x000000000773d000 	D:\MATLAB2009\bin\win64\libmwlapack.dll
0x0000000007750000 - 0x000000000778b000 	D:\MATLAB2009\bin\win64\libmwrookfastbp.dll
0x00000000077a0000 - 0x00000000077ec000 	D:\MATLAB2009\bin\win64\libmwma57.dll
0x0000000007800000 - 0x0000000007810000 	D:\MATLAB2009\bin\win64\libmwcsparse.dll
0x0000000007820000 - 0x000000000788e000 	D:\MATLAB2009\bin\win64\libmwumfpack.dll
0x00000000078a0000 - 0x0000000007902000 	D:\MATLAB2009\bin\win64\libmwcholmod.dll
0x0000000007920000 - 0x000000000792d000 	D:\MATLAB2009\bin\win64\libmwamd.dll
0x00007ffb6ed50000 - 0x00007ffb6ed7b000 	C:\WINDOWS\SYSTEM32\bcrypt.dll
0x0000000007940000 - 0x0000000007951000 	D:\MATLAB2009\bin\win64\libmwbinder.dll
0x0000000007970000 - 0x0000000007a8c000 	D:\MATLAB2009\bin\win64\libifcoremd.dll
0x0000000007a90000 - 0x0000000007d60000 	D:\MATLAB2009\bin\win64\libmmd.dll
0x0000000007d60000 - 0x0000000007d6c000 	D:\MATLAB2009\bin\win64\libmwcolamd.dll
0x00007ffb70580000 - 0x00007ffb705ae000 	C:\WINDOWS\System32\IMM32.DLL
0x000000005d360000 - 0x000000005d369000 	C:\WINDOWS\WinSxS\amd64_microsoft.vc80.mfcloc_1fc8b3b9a1e18e3b_8.0.50727.6195_none_bc20f59b0bdd1acd\MFC80CHS.DLL
0x00007ffb6d8c0000 - 0x00007ffb6d955000 	C:\WINDOWS\system32\uxtheme.dll
0x00007ffb703c0000 - 0x00007ffb7051b000 	C:\WINDOWS\System32\MSCTF.dll
0x00007ffb6e5f0000 - 0x00007ffb6e628000 	C:\WINDOWS\SYSTEM32\iphlpapi.dll
0x00007ffb6e640000 - 0x00007ffb6e6e0000 	C:\WINDOWS\SYSTEM32\DNSAPI.dll
0x00007ffb72d00000 - 0x00007ffb72d08000 	C:\WINDOWS\System32\NSI.dll
0x00007ffb69db0000 - 0x00007ffb69dc6000 	C:\WINDOWS\SYSTEM32\dhcpcsvc6.DLL
0x00007ffb69d90000 - 0x00007ffb69daa000 	C:\WINDOWS\SYSTEM32\dhcpcsvc.DLL
0x00007ffb69dd0000 - 0x00007ffb69ddb000 	C:\WINDOWS\SYSTEM32\WINNSI.DLL
0x0000000007e30000 - 0x0000000007e33000 	C:\WINDOWS\SYSTEM32\icmp.Dll
0x000000000f030000 - 0x000000000f5da000 	D:\MATLAB2009\sys\java\jre\win64\jre\bin\server\jvm.dll
0x00007ffb6d150000 - 0x00007ffb6d173000 	C:\WINDOWS\SYSTEM32\WINMM.dll
0x00007ffb6d0f0000 - 0x00007ffb6d11b000 	C:\WINDOWS\SYSTEM32\WINMMBASE.dll
0x0000000007e60000 - 0x0000000007e6a000 	D:\MATLAB2009\sys\java\jre\win64\jre\bin\hpi.dll
0x00000000096c0000 - 0x00000000096ce000 	D:\MATLAB2009\sys\java\jre\win64\jre\bin\verify.dll
0x00000000096d0000 - 0x00000000096f7000 	D:\MATLAB2009\sys\java\jre\win64\jre\bin\java.dll
0x000000000a630000 - 0x000000000a642000 	D:\MATLAB2009\sys\java\jre\win64\jre\bin\zip.dll
0x000000000ace0000 - 0x000000000ad01000 	D:\MATLAB2009\bin\win64\nativejava.dll
0x000000000fc60000 - 0x000000000fc88000 	D:\MATLAB2009\bin\win64\nativejmi.dll
0x000000000fd10000 - 0x000000000fd17000 	D:\MATLAB2009\bin\win64\nativeservices.dll
0x000000000fdd0000 - 0x000000000ff6f000 	D:\MATLAB2009\sys\java\jre\win64\jre\bin\awt.dll
0x00007ffb6d720000 - 0x00007ffb6d79a000 	C:\WINDOWS\SYSTEM32\apphelp.dll

VM Arguments:
jvm_args: -Xss512k -XX:PermSize=32m -Xms64m -XX:NewRatio=3 -XX:MaxPermSize=128m -Xmx196m -XX:MaxDirectMemorySize=2147400000 -Dsun.java2d.noddraw=true -Dsun.awt.nopixfmt=true -Xshare:off -Xrs -Djava.library.path=D:\MATLAB2009\bin\win64 vfprintf abort 
java_command: <unknown>
Launcher Type: generic

Environment Variables:
JAVA_HOME=D:\Program Files\Java\jdk1.8.0_92
CLASSPATH=.;D:\Program Files\Java\jdk1.8.0_92\lib\dt.jar;D:\Program Files\Java\jdk1.8.0_92\lib\tools.jar;
PATH=C:\ProgramData\Oracle\Java\javapath;C:\Program Files (x86)\NVIDIA Corporation\PhysX\Common;C:\WINDOWS\system32;C:\WINDOWS;C:\WINDOWS\System32\Wbem;C:\WINDOWS\System32\WindowsPowerShell\v1.0\;D:\Program Files\Java\jdk1.8.0_92\bin;D:\MATLAB2009\bin;D:\MATLAB2009\bin\win64;C:\Users\JaneConan\AppData\Local\Microsoft\WindowsApps;
USERNAME=JaneConan
OS=Windows_NT
PROCESSOR_IDENTIFIER=Intel64 Family 6 Model 15 Stepping 13, GenuineIntel



---------------  S Y S T E M  ---------------

OS: Windows NT 6.2 Build 9200 

CPU:total 2 (2 cores per cpu, 1 threads per core) family 6 model 15 stepping 13, cmov, cx8, fxsr, mmx, sse, sse2, sse3, ssse3

Memory: 4k page, physical 2095144k(674740k free), swap 4716584k(2872644k free)

vm_info: Java HotSpot(TM) 64-Bit Server VM (10.0-b19) for windows-amd64 JRE (1.6.0_04-b12), built on Dec 14 2007 00:44:23 by "java_re" with MS VC++ 8.0

time: Sun Oct 09 07:34:25 2016
elapsed time: 27 seconds

